Using pre-set license
Built from '2020.3/staging' branch; Version is '2020.3.25f1 (9b9180224418) revision 10195328'; Using compiler version '192528614'; Build Type 'Release'
OS: 'Windows 10  (10.0.19044) 64bit Professional' Language: 'en' Physical Memory: 8075 MB
BatchMode: 1, IsHumanControllingUs: 0, StartBugReporterOnCrash: 0, Is64bit: 1, IsPro: 0

COMMAND LINE ARGUMENTS:
C:\Users\admin\Desktop\New folder\DragonBoy201\2020.3.25f1\Editor\Unity.exe
-adb2
-batchMode
-noUpm
-name
AssetImportWorker2
-projectPath
D:/LapTrinhGame_Unity/gameBong
-logFile
Logs/AssetImportWorker2.log
-srvPort
59338
Successfully changed project path to: D:/LapTrinhGame_Unity/gameBong
D:/LapTrinhGame_Unity/gameBong
Using Asset Import Pipeline V2.
